<?xml version="1.0" encoding="UTF-8"?>
<!-- Generated by org.testng.reporters.JUnitReportReporter -->
<testsuite hostname="Ty_Nguyen" name="com.bankguru.testcase.EditCustomerScript" tests="5" failures="0" timestamp="4 Apr 2019 09:24:52 GMT" time="18.729" errors="0">
  <testcase name="TC_05" time="3.562" classname="com.bankguru.testcase.EditCustomerScript"/>
  <testcase name="TC_02" time="4.333" classname="com.bankguru.testcase.EditCustomerScript"/>
  <testcase name="TC_04" time="3.791" classname="com.bankguru.testcase.EditCustomerScript"/>
  <testcase name="TC_01" time="3.307" classname="com.bankguru.testcase.EditCustomerScript"/>
  <testcase name="TC_03" time="3.736" classname="com.bankguru.testcase.EditCustomerScript"/>
</testsuite> <!-- com.bankguru.testcase.EditCustomerScript -->
