<?xml version="1.0" encoding="UTF-8"?>
<!-- Generated by org.testng.reporters.JUnitReportReporter -->
<testsuite hostname="Ty_Nguyen" name="com.bankguru.testcase.NewCustomerScript" tests="10" failures="0" timestamp="4 Apr 2019 04:22:36 GMT" time="22.165" errors="0">
  <testcase name="TC_05" time="2.109" classname="com.bankguru.testcase.NewCustomerScript"/>
  <testcase name="TC_01" time="2.460" classname="com.bankguru.testcase.NewCustomerScript"/>
  <testcase name="TC_04" time="1.546" classname="com.bankguru.testcase.NewCustomerScript"/>
  <testcase name="TC_10" time="2.833" classname="com.bankguru.testcase.NewCustomerScript"/>
  <testcase name="TC_06" time="2.909" classname="com.bankguru.testcase.NewCustomerScript"/>
  <testcase name="TC_11" time="1.607" classname="com.bankguru.testcase.NewCustomerScript"/>
  <testcase name="TC_03" time="1.694" classname="com.bankguru.testcase.NewCustomerScript"/>
  <testcase name="TC_08" time="1.826" classname="com.bankguru.testcase.NewCustomerScript"/>
  <testcase name="TC_02" time="2.317" classname="com.bankguru.testcase.NewCustomerScript"/>
  <testcase name="TC_09" time="2.864" classname="com.bankguru.testcase.NewCustomerScript"/>
</testsuite> <!-- com.bankguru.testcase.NewCustomerScript -->
