<?xml version="1.0" encoding="UTF-8"?>
<!-- Generated by org.testng.reporters.JUnitReportReporter -->
<testsuite hostname="DESKTOP-P7R3D54" name="com.bankguru.testcase.LogInScript" tests="2" failures="0" timestamp="31 Mar 2019 07:45:35 GMT" time="24.492" errors="0">
  <testcase name="TC_01" time="12.455" classname="com.bankguru.testcase.LogInScript"/>
  <testcase name="TC_01" time="12.037" classname="com.bankguru.testcase.LogInScript"/>
</testsuite> <!-- com.bankguru.testcase.LogInScript -->
